<?xml version="1.0" encoding="UTF-8"?>
<!-- Generated by org.testng.reporters.JUnitReportReporter -->
<testsuite hostname="DESKTOP-PRHB8P6" failures="0" tests="2" name="The_brice" time="4.293" errors="0" timestamp="2022-12-05T13:06:18 EET" skipped="0">
  <testcase classname="The_brice" name="Total_of_Price" time="0.080"/>
  <system-out/>
  <testcase classname="The_brice" name="The_price_Of_cart" time="4.213"/>
  <system-out/>
</testsuite> <!-- The_brice -->
