<?xml version="1.0" encoding="UTF-8"?>
<!-- Generated by org.testng.reporters.JUnitReportReporter -->
<testsuite hostname="DESKTOP-PRHB8P6" failures="0" tests="2" name="The_pice" time="6.638" errors="0" timestamp="2022-12-07T12:59:57 EET" skipped="0">
  <testcase classname="The_pice" name="Total_of_Price" time="1.690"/>
  <system-out/>
  <testcase classname="The_pice" name="The_price_Of_cart" time="4.948"/>
  <system-out/>
</testsuite> <!-- The_pice -->
